<?xml version="1.0" encoding="UTF-8"?>
<testsuite name="ru.stqa.pft.addressbook.tests.ContactAddressTests" tests="1" skipped="0" failures="0" errors="0" timestamp="2018-01-18T16:35:00" hostname="MaxVarEmreis" time="1.47">
  <properties/>
  <testcase name="testContactAddress" classname="ru.stqa.pft.addressbook.tests.ContactAddressTests" time="1.47"/>
  <system-out><![CDATA[]]></system-out>
  <system-err><![CDATA[]]></system-err>
</testsuite>
